<?xml version="1.0" encoding="GBK" standalone="no"?>
<!DOCTYPE log SYSTEM "logger.dtd">
<log>
<record>
  <date>2015-12-20T23:30:47</date>
  <millis>1450625447524</millis>
  <sequence>0</sequence>
  <logger>LoggerExample</logger>
  <level>CONFIG</level>
  <class>HandlerExample</class>
  <method>main</method>
  <thread>1</thread>
  <message>Configuration done.</message>
</record>
<record>
  <date>2015-12-20T23:30:47</date>
  <millis>1450625447576</millis>
  <sequence>1</sequence>
  <logger>LoggerExample</logger>
  <level>FINE</level>
  <class>HandlerExample</class>
  <method>main</method>
  <thread>1</thread>
  <message>Finer logged</message>
</record>
<record>
  <date>2015-12-20T23:30:47</date>
  <millis>1450625447576</millis>
  <sequence>2</sequence>
  <logger>LoggerExample</logger>
  <level>FINER</level>
  <class>HandlerExample</class>
  <method>main</method>
  <thread>1</thread>
  <message>Finest example on LOGGER handler completed.</message>
</record>
</log>
